<?xml version="1.0" encoding="UTF-8"?>
<testsuite name="com.example.graphqlserver.GraphqlServerApplicationTests" tests="1" skipped="0" failures="0" errors="0" timestamp="2024-10-18T03:36:48" hostname="Jesses-MacBook-Pro.local" time="0.001">
  <properties/>
  <testcase name="contextLoads()" classname="com.example.graphqlserver.GraphqlServerApplicationTests" time="0.001"/>
  <system-out><![CDATA[2024-10-17T20:36:48.079-07:00  INFO 77326 --- [    Test worker] t.c.s.AnnotationConfigContextLoaderUtils : Could not detect default configuration classes for test class [com.example.graphqlserver.GraphqlServerApplicationTests]: GraphqlServerApplicationTests does not declare any static, non-private, non-final, nested classes annotated with @Configuration.
2024-10-17T20:36:48.081-07:00  INFO 77326 --- [    Test worker] .b.t.c.SpringBootTestContextBootstrapper : Found @SpringBootConfiguration com.example.graphqlserver.GraphqlServerApplication for test class com.example.graphqlserver.GraphqlServerApplicationTests

  .   ____          _            __ _ _
 /\\ / ___'_ __ _ _(_)_ __  __ _ \ \ \ \
( ( )\___ | '_ | '_| | '_ \/ _` | \ \ \ \
 \\/  ___)| |_)| | | | | || (_| |  ) ) ) )
  '  |____| .__|_| |_|_| |_\__, | / / / /
 =========|_|==============|___/=/_/_/_/

 :: Spring Boot ::                (v3.3.2)

2024-10-17T20:36:48.094-07:00  INFO 77326 --- [    Test worker] c.e.g.GraphqlServerApplicationTests      : Starting GraphqlServerApplicationTests using Java 23 with PID 77326 (started by jtaylor in /Users/jtaylor/Projects/gs-graphql-server/complete)
2024-10-17T20:36:48.095-07:00  INFO 77326 --- [    Test worker] c.e.g.GraphqlServerApplicationTests      : No active profile set, falling back to 1 default profile: "default"
2024-10-17T20:36:48.307-07:00  INFO 77326 --- [    Test worker] efaultSchemaResourceGraphQlSourceBuilder : Loaded 1 resource(s) in the GraphQL schema.
2024-10-17T20:36:48.312-07:00  INFO 77326 --- [    Test worker] o.s.b.a.g.GraphQlAutoConfiguration       : GraphQL schema inspection:
	Unmapped fields: {}
	Unmapped registrations: {}
	Unmapped arguments: {}
	Skipped types: []
2024-10-17T20:36:48.315-07:00  INFO 77326 --- [    Test worker] s.b.a.g.s.GraphQlWebMvcAutoConfiguration : GraphQL endpoint HTTP POST /graphql
2024-10-17T20:36:48.352-07:00  INFO 77326 --- [    Test worker] c.e.g.GraphqlServerApplicationTests      : Started GraphqlServerApplicationTests in 0.268 seconds (process running for 1.588)
]]></system-out>
  <system-err><![CDATA[]]></system-err>
</testsuite>
