<?xml version="1.0" encoding="UTF-8"?>
<testsuite name="com.example.graphqlserver.BookControllerTests" tests="1" skipped="0" failures="0" errors="0" timestamp="2024-10-18T03:36:47" hostname="Jesses-MacBook-Pro.local" time="0.44">
  <properties/>
  <testcase name="shouldGetFirstBook()" classname="com.example.graphqlserver.BookControllerTests" time="0.44"/>
  <system-out><![CDATA[20:36:47.118 [Test worker] INFO org.springframework.test.context.support.AnnotationConfigContextLoaderUtils -- Could not detect default configuration classes for test class [com.example.graphqlserver.BookControllerTests]: BookControllerTests does not declare any static, non-private, non-final, nested classes annotated with @Configuration.
20:36:47.171 [Test worker] INFO org.springframework.boot.test.context.SpringBootTestContextBootstrapper -- Found @SpringBootConfiguration com.example.graphqlserver.GraphqlServerApplication for test class com.example.graphqlserver.BookControllerTests

  .   ____          _            __ _ _
 /\\ / ___'_ __ _ _(_)_ __  __ _ \ \ \ \
( ( )\___ | '_ | '_| | '_ \/ _` | \ \ \ \
 \\/  ___)| |_)| | | | | || (_| |  ) ) ) )
  '  |____| .__|_| |_|_| |_\__, | / / / /
 =========|_|==============|___/=/_/_/_/

 :: Spring Boot ::                (v3.3.2)

2024-10-17T20:36:47.299-07:00  INFO 77326 --- [    Test worker] c.e.graphqlserver.BookControllerTests    : Starting BookControllerTests using Java 23 with PID 77326 (started by jtaylor in /Users/jtaylor/Projects/gs-graphql-server/complete)
2024-10-17T20:36:47.300-07:00  INFO 77326 --- [    Test worker] c.e.graphqlserver.BookControllerTests    : No active profile set, falling back to 1 default profile: "default"
2024-10-17T20:36:47.505-07:00  INFO 77326 --- [    Test worker] efaultSchemaResourceGraphQlSourceBuilder : Loaded 1 resource(s) in the GraphQL schema.
2024-10-17T20:36:47.600-07:00  INFO 77326 --- [    Test worker] o.s.b.a.g.GraphQlAutoConfiguration       : GraphQL schema inspection:
	Unmapped fields: {}
	Unmapped registrations: {}
	Unmapped arguments: {}
	Skipped types: []
2024-10-17T20:36:47.634-07:00  INFO 77326 --- [    Test worker] c.e.graphqlserver.BookControllerTests    : Started BookControllerTests in 0.435 seconds (process running for 0.87)
]]></system-out>
  <system-err><![CDATA[WARNING: A Java agent has been loaded dynamically (/Users/jtaylor/.gradle/caches/modules-2/files-2.1/net.bytebuddy/byte-buddy-agent/1.14.18/417558ea01fe9f0e8a94af28b9469d281c4e3984/byte-buddy-agent-1.14.18.jar)
WARNING: If a serviceability tool is in use, please run with -XX:+EnableDynamicAgentLoading to hide this warning
WARNING: If a serviceability tool is not in use, please run with -Djdk.instrument.traceUsage for more information
WARNING: Dynamic loading of agents will be disallowed by default in a future release
]]></system-err>
</testsuite>
